2024-06-05 17:59:29 0 [Note] InnoDB: Mutexes and rw_locks use Windows interlocked functions
2024-06-05 17:59:29 0 [Note] InnoDB: Uses event mutexes
2024-06-05 17:59:29 0 [Note] InnoDB: Compressed tables use zlib 1.2.12
2024-06-05 17:59:29 0 [Note] InnoDB: Number of pools: 1
2024-06-05 17:59:29 0 [Note] InnoDB: Using SSE2 crc32 instructions
2024-06-05 17:59:29 0 [Note] InnoDB: Initializing buffer pool, total size = 16M, instances = 1, chunk size = 16M
2024-06-05 17:59:29 0 [Note] InnoDB: Completed initialization of buffer pool
2024-06-05 17:59:29 0 [Note] InnoDB: Starting crash recovery from checkpoint LSN=300288
2024-06-05 17:59:29 0 [Note] InnoDB: 128 out of 128 rollback segments are active.
2024-06-05 17:59:29 0 [Note] InnoDB: Removed temporary tablespace data file: "ibtmp1"
2024-06-05 17:59:29 0 [Note] InnoDB: Creating shared tablespace for temporary tables
2024-06-05 17:59:29 0 [Note] InnoDB: Setting file 'C:\xampp\mysql\data\ibtmp1' size to 12 MB. Physically writing the file full; Please wait ...
2024-06-05 17:59:29 0 [Note] InnoDB: File 'C:\xampp\mysql\data\ibtmp1' size is now 12 MB.
2024-06-05 17:59:29 0 [Note] InnoDB: Waiting for purge to start
2024-06-05 17:59:30 0 [Note] InnoDB: 10.4.27 started; log sequence number 300297; transaction id 170
2024-06-05 17:59:30 0 [Note] InnoDB: Loading buffer pool(s) from C:\xampp\mysql\data\ib_buffer_pool
2024-06-05 17:59:30 0 [Note] Plugin 'FEEDBACK' is disabled.
2024-06-05 17:59:30 0 [Note] InnoDB: Buffer pool(s) load completed at 240605 17:59:30
2024-06-05 17:59:30 0 [Note] Server socket created on IP: '::'.
2024-06-07 12:07:03 0 [Note] InnoDB: Mutexes and rw_locks use Windows interlocked functions
2024-06-07 12:07:03 0 [Note] InnoDB: Uses event mutexes
2024-06-07 12:07:03 0 [Note] InnoDB: Compressed tables use zlib 1.2.12
2024-06-07 12:07:03 0 [Note] InnoDB: Number of pools: 1
2024-06-07 12:07:03 0 [Note] InnoDB: Using SSE2 crc32 instructions
2024-06-07 12:07:03 0 [Note] InnoDB: Initializing buffer pool, total size = 16M, instances = 1, chunk size = 16M
2024-06-07 12:07:03 0 [Note] InnoDB: Completed initialization of buffer pool
2024-06-07 12:07:03 0 [Note] InnoDB: Starting crash recovery from checkpoint LSN=313443
2024-06-07 12:07:03 0 [Note] InnoDB: 128 out of 128 rollback segments are active.
2024-06-07 12:07:03 0 [Note] InnoDB: Removed temporary tablespace data file: "ibtmp1"
2024-06-07 12:07:03 0 [Note] InnoDB: Creating shared tablespace for temporary tables
2024-06-07 12:07:03 0 [Note] InnoDB: Setting file 'C:\xampp\mysql\data\ibtmp1' size to 12 MB. Physically writing the file full; Please wait ...
2024-06-07 12:07:03 0 [Note] InnoDB: File 'C:\xampp\mysql\data\ibtmp1' size is now 12 MB.
2024-06-07 12:07:03 0 [Note] InnoDB: Waiting for purge to start
2024-06-07 12:07:03 0 [Note] InnoDB: 10.4.27 started; log sequence number 313452; transaction id 236
2024-06-07 12:07:03 0 [Note] Plugin 'FEEDBACK' is disabled.
2024-06-07 12:07:03 0 [Note] InnoDB: Loading buffer pool(s) from C:\xampp\mysql\data\ib_buffer_pool
2024-06-07 12:07:03 0 [Note] InnoDB: Buffer pool(s) load completed at 240607 12:07:03
2024-06-07 12:07:03 0 [Note] Server socket created on IP: '::'.
2024-06-07 12:59:30 0 [Note] InnoDB: Mutexes and rw_locks use Windows interlocked functions
2024-06-07 12:59:30 0 [Note] InnoDB: Uses event mutexes
2024-06-07 12:59:30 0 [Note] InnoDB: Compressed tables use zlib 1.2.12
2024-06-07 12:59:30 0 [Note] InnoDB: Number of pools: 1
2024-06-07 12:59:30 0 [Note] InnoDB: Using SSE2 crc32 instructions
2024-06-07 12:59:30 0 [Note] InnoDB: Initializing buffer pool, total size = 16M, instances = 1, chunk size = 16M
2024-06-07 12:59:30 0 [Note] InnoDB: Completed initialization of buffer pool
2024-06-07 12:59:30 0 [Note] InnoDB: Starting crash recovery from checkpoint LSN=313791
2024-06-07 12:59:30 0 [Note] InnoDB: 128 out of 128 rollback segments are active.
2024-06-07 12:59:30 0 [Note] InnoDB: Removed temporary tablespace data file: "ibtmp1"
2024-06-07 12:59:30 0 [Note] InnoDB: Creating shared tablespace for temporary tables
2024-06-07 12:59:30 0 [Note] InnoDB: Setting file 'C:\xampp\mysql\data\ibtmp1' size to 12 MB. Physically writing the file full; Please wait ...
2024-06-07 12:59:30 0 [Note] InnoDB: File 'C:\xampp\mysql\data\ibtmp1' size is now 12 MB.
2024-06-07 12:59:30 0 [Note] InnoDB: Waiting for purge to start
2024-06-07 12:59:30 0 [Note] InnoDB: 10.4.27 started; log sequence number 313800; transaction id 241
2024-06-07 12:59:30 0 [Note] InnoDB: Loading buffer pool(s) from C:\xampp\mysql\data\ib_buffer_pool
2024-06-07 12:59:30 0 [Note] Plugin 'FEEDBACK' is disabled.
2024-06-07 12:59:30 0 [Note] Server socket created on IP: '::'.
2024-06-07 14:05:56 0 [Note] InnoDB: Mutexes and rw_locks use Windows interlocked functions
2024-06-07 14:05:56 0 [Note] InnoDB: Uses event mutexes
2024-06-07 14:05:56 0 [Note] InnoDB: Compressed tables use zlib 1.2.12
2024-06-07 14:05:56 0 [Note] InnoDB: Number of pools: 1
2024-06-07 14:05:56 0 [Note] InnoDB: Using SSE2 crc32 instructions
2024-06-07 14:05:56 0 [Note] InnoDB: Initializing buffer pool, total size = 16M, instances = 1, chunk size = 16M
2024-06-07 14:05:56 0 [Note] InnoDB: Completed initialization of buffer pool
2024-06-07 14:05:56 0 [Note] InnoDB: Starting crash recovery from checkpoint LSN=313809
2024-06-07 14:05:56 0 [Note] InnoDB: 128 out of 128 rollback segments are active.
2024-06-07 14:05:56 0 [Note] InnoDB: Removed temporary tablespace data file: "ibtmp1"
2024-06-07 14:05:56 0 [Note] InnoDB: Creating shared tablespace for temporary tables
2024-06-07 14:05:56 0 [Note] InnoDB: Setting file 'C:\xampp\mysql\data\ibtmp1' size to 12 MB. Physically writing the file full; Please wait ...
2024-06-07 14:05:56 0 [Note] InnoDB: File 'C:\xampp\mysql\data\ibtmp1' size is now 12 MB.
2024-06-07 14:05:56 0 [Note] InnoDB: Waiting for purge to start
2024-06-07 14:05:56 0 [Note] InnoDB: 10.4.27 started; log sequence number 313818; transaction id 241
2024-06-07 14:05:56 0 [Note] InnoDB: Loading buffer pool(s) from C:\xampp\mysql\data\ib_buffer_pool
2024-06-07 14:05:56 0 [Note] Plugin 'FEEDBACK' is disabled.
2024-06-07 14:05:56 0 [Note] Server socket created on IP: '::'.
2024-06-07 15:53:58 0 [Note] InnoDB: Mutexes and rw_locks use Windows interlocked functions
2024-06-07 15:53:58 0 [Note] InnoDB: Uses event mutexes
2024-06-07 15:53:58 0 [Note] InnoDB: Compressed tables use zlib 1.2.12
2024-06-07 15:53:58 0 [Note] InnoDB: Number of pools: 1
2024-06-07 15:53:58 0 [Note] InnoDB: Using SSE2 crc32 instructions
2024-06-07 15:53:58 0 [Note] InnoDB: Initializing buffer pool, total size = 16M, instances = 1, chunk size = 16M
2024-06-07 15:53:58 0 [Note] InnoDB: Completed initialization of buffer pool
2024-06-07 15:53:58 0 [Note] InnoDB: Starting crash recovery from checkpoint LSN=321871
2024-06-07 15:53:58 0 [Note] InnoDB: 128 out of 128 rollback segments are active.
2024-06-07 15:53:58 0 [Note] InnoDB: Removed temporary tablespace data file: "ibtmp1"
2024-06-07 15:53:58 0 [Note] InnoDB: Creating shared tablespace for temporary tables
2024-06-07 15:53:58 0 [Note] InnoDB: Setting file 'C:\xampp\mysql\data\ibtmp1' size to 12 MB. Physically writing the file full; Please wait ...
2024-06-07 15:53:58 0 [Note] InnoDB: File 'C:\xampp\mysql\data\ibtmp1' size is now 12 MB.
2024-06-07 15:53:58 0 [Note] InnoDB: Waiting for purge to start
2024-06-07 15:53:58 0 [Note] InnoDB: 10.4.27 started; log sequence number 321880; transaction id 270
2024-06-07 15:53:58 0 [Note] InnoDB: Loading buffer pool(s) from C:\xampp\mysql\data\ib_buffer_pool
2024-06-07 15:53:58 0 [Note] Plugin 'FEEDBACK' is disabled.
2024-06-07 15:53:58 0 [Note] Server socket created on IP: '::'.
2024-06-07 16:10:49 0 [Note] InnoDB: Mutexes and rw_locks use Windows interlocked functions
2024-06-07 16:10:49 0 [Note] InnoDB: Uses event mutexes
2024-06-07 16:10:49 0 [Note] InnoDB: Compressed tables use zlib 1.2.12
2024-06-07 16:10:49 0 [Note] InnoDB: Number of pools: 1
2024-06-07 16:10:49 0 [Note] InnoDB: Using SSE2 crc32 instructions
2024-06-07 16:10:49 0 [Note] InnoDB: Initializing buffer pool, total size = 16M, instances = 1, chunk size = 16M
2024-06-07 16:10:49 0 [Note] InnoDB: Completed initialization of buffer pool
2024-06-07 16:10:49 0 [Note] InnoDB: Starting crash recovery from checkpoint LSN=325017
2024-06-07 16:10:50 0 [Note] InnoDB: 128 out of 128 rollback segments are active.
2024-06-07 16:10:50 0 [Note] InnoDB: Removed temporary tablespace data file: "ibtmp1"
2024-06-07 16:10:50 0 [Note] InnoDB: Creating shared tablespace for temporary tables
2024-06-07 16:10:50 0 [Note] InnoDB: Setting file 'C:\xampp\mysql\data\ibtmp1' size to 12 MB. Physically writing the file full; Please wait ...
2024-06-07 16:10:50 0 [Note] InnoDB: File 'C:\xampp\mysql\data\ibtmp1' size is now 12 MB.
2024-06-07 16:10:50 0 [Note] InnoDB: Waiting for purge to start
2024-06-07 16:10:50 0 [Note] InnoDB: 10.4.27 started; log sequence number 325026; transaction id 283
2024-06-07 16:10:50 0 [Note] InnoDB: Loading buffer pool(s) from C:\xampp\mysql\data\ib_buffer_pool
2024-06-07 16:10:50 0 [Note] Plugin 'FEEDBACK' is disabled.
2024-06-07 16:10:50 0 [Note] Server socket created on IP: '::'.
2024-06-07 19:55:54 0 [Note] InnoDB: Mutexes and rw_locks use Windows interlocked functions
2024-06-07 19:55:54 0 [Note] InnoDB: Uses event mutexes
2024-06-07 19:55:54 0 [Note] InnoDB: Compressed tables use zlib 1.2.12
2024-06-07 19:55:54 0 [Note] InnoDB: Number of pools: 1
2024-06-07 19:55:54 0 [Note] InnoDB: Using SSE2 crc32 instructions
2024-06-07 19:55:54 0 [Note] InnoDB: Initializing buffer pool, total size = 16M, instances = 1, chunk size = 16M
2024-06-07 19:55:54 0 [Note] InnoDB: Completed initialization of buffer pool
2024-06-07 19:55:54 0 [Note] InnoDB: Starting crash recovery from checkpoint LSN=326554
2024-06-07 19:55:54 0 [Note] InnoDB: 128 out of 128 rollback segments are active.
2024-06-07 19:55:54 0 [Note] InnoDB: Removed temporary tablespace data file: "ibtmp1"
2024-06-07 19:55:54 0 [Note] InnoDB: Creating shared tablespace for temporary tables
2024-06-07 19:55:54 0 [Note] InnoDB: Setting file 'C:\xampp\mysql\data\ibtmp1' size to 12 MB. Physically writing the file full; Please wait ...
2024-06-07 19:55:54 0 [Note] InnoDB: File 'C:\xampp\mysql\data\ibtmp1' size is now 12 MB.
2024-06-07 19:55:54 0 [Note] InnoDB: Waiting for purge to start
2024-06-07 19:55:55 0 [Note] InnoDB: 10.4.27 started; log sequence number 326563; transaction id 294
2024-06-07 19:55:55 0 [Note] InnoDB: Loading buffer pool(s) from C:\xampp\mysql\data\ib_buffer_pool
2024-06-07 19:55:55 0 [Note] Plugin 'FEEDBACK' is disabled.
2024-06-07 19:55:55 0 [Note] InnoDB: Buffer pool(s) load completed at 240607 19:55:55
2024-06-07 19:55:55 0 [Note] Server socket created on IP: '::'.
2024-06-08 10:27:12 0 [Note] InnoDB: Mutexes and rw_locks use Windows interlocked functions
2024-06-08 10:27:12 0 [Note] InnoDB: Uses event mutexes
2024-06-08 10:27:12 0 [Note] InnoDB: Compressed tables use zlib 1.2.12
2024-06-08 10:27:12 0 [Note] InnoDB: Number of pools: 1
2024-06-08 10:27:12 0 [Note] InnoDB: Using SSE2 crc32 instructions
2024-06-08 10:27:12 0 [Note] InnoDB: Initializing buffer pool, total size = 16M, instances = 1, chunk size = 16M
2024-06-08 10:27:12 0 [Note] InnoDB: Completed initialization of buffer pool
2024-06-08 10:27:12 0 [Note] InnoDB: Starting crash recovery from checkpoint LSN=356266
2024-06-08 10:27:13 0 [Note] InnoDB: 128 out of 128 rollback segments are active.
2024-06-08 10:27:13 0 [Note] InnoDB: Removed temporary tablespace data file: "ibtmp1"
2024-06-08 10:27:13 0 [Note] InnoDB: Creating shared tablespace for temporary tables
2024-06-08 10:27:13 0 [Note] InnoDB: Setting file 'C:\xampp\mysql\data\ibtmp1' size to 12 MB. Physically writing the file full; Please wait ...
2024-06-08 10:27:13 0 [Note] InnoDB: File 'C:\xampp\mysql\data\ibtmp1' size is now 12 MB.
2024-06-08 10:27:13 0 [Note] InnoDB: Waiting for purge to start
2024-06-08 10:27:13 0 [Note] InnoDB: 10.4.27 started; log sequence number 356275; transaction id 376
2024-06-08 10:27:13 0 [Note] InnoDB: Loading buffer pool(s) from C:\xampp\mysql\data\ib_buffer_pool
2024-06-08 10:27:13 0 [Note] Plugin 'FEEDBACK' is disabled.
2024-06-08 10:27:13 0 [Note] Server socket created on IP: '::'.
2024-06-08 10:27:17 0 [Note] InnoDB: Mutexes and rw_locks use Windows interlocked functions
2024-06-08 10:27:17 0 [Note] InnoDB: Uses event mutexes
2024-06-08 10:27:17 0 [Note] InnoDB: Compressed tables use zlib 1.2.12
2024-06-08 10:27:17 0 [Note] InnoDB: Number of pools: 1
2024-06-08 10:27:17 0 [Note] InnoDB: Using SSE2 crc32 instructions
2024-06-08 10:27:17 0 [Note] InnoDB: Initializing buffer pool, total size = 16M, instances = 1, chunk size = 16M
2024-06-08 10:27:17 0 [Note] InnoDB: Completed initialization of buffer pool
2024-06-08 10:27:17 0 [Note] InnoDB: Starting crash recovery from checkpoint LSN=356266
2024-06-08 10:27:18 0 [Note] InnoDB: 128 out of 128 rollback segments are active.
2024-06-08 10:27:18 0 [Note] InnoDB: Removed temporary tablespace data file: "ibtmp1"
2024-06-08 10:27:18 0 [Note] InnoDB: Creating shared tablespace for temporary tables
2024-06-08 10:27:18 0 [Note] InnoDB: Setting file 'C:\xampp\mysql\data\ibtmp1' size to 12 MB. Physically writing the file full; Please wait ...
2024-06-08 10:27:18 0 [Note] InnoDB: File 'C:\xampp\mysql\data\ibtmp1' size is now 12 MB.
2024-06-08 10:27:18 0 [Note] InnoDB: Waiting for purge to start
2024-06-08 10:27:18 0 [Note] InnoDB: 10.4.27 started; log sequence number 356275; transaction id 376
2024-06-08 10:27:18 0 [Note] InnoDB: Loading buffer pool(s) from C:\xampp\mysql\data\ib_buffer_pool
2024-06-08 10:27:18 0 [Note] Plugin 'FEEDBACK' is disabled.
2024-06-08 10:27:18 0 [Note] Server socket created on IP: '::'.
2024-06-08 15:58:14 0 [Note] InnoDB: Mutexes and rw_locks use Windows interlocked functions
2024-06-08 15:58:14 0 [Note] InnoDB: Uses event mutexes
2024-06-08 15:58:14 0 [Note] InnoDB: Compressed tables use zlib 1.2.12
2024-06-08 15:58:14 0 [Note] InnoDB: Number of pools: 1
2024-06-08 15:58:14 0 [Note] InnoDB: Using SSE2 crc32 instructions
2024-06-08 15:58:14 0 [Note] InnoDB: Initializing buffer pool, total size = 16M, instances = 1, chunk size = 16M
2024-06-08 15:58:14 0 [Note] InnoDB: Completed initialization of buffer pool
2024-06-08 15:58:14 0 [Note] InnoDB: Starting crash recovery from checkpoint LSN=585805
2024-06-08 15:58:14 0 [Note] InnoDB: 128 out of 128 rollback segments are active.
2024-06-08 15:58:14 0 [Note] InnoDB: Removed temporary tablespace data file: "ibtmp1"
2024-06-08 15:58:14 0 [Note] InnoDB: Creating shared tablespace for temporary tables
2024-06-08 15:58:14 0 [Note] InnoDB: Setting file 'C:\xampp\mysql\data\ibtmp1' size to 12 MB. Physically writing the file full; Please wait ...
2024-06-08 15:58:14 0 [Note] InnoDB: File 'C:\xampp\mysql\data\ibtmp1' size is now 12 MB.
2024-06-08 15:58:14 0 [Note] InnoDB: Waiting for purge to start
2024-06-08 15:58:14 0 [Note] InnoDB: 10.4.27 started; log sequence number 585814; transaction id 1281
2024-06-08 15:58:14 0 [Note] InnoDB: Loading buffer pool(s) from C:\xampp\mysql\data\ib_buffer_pool
2024-06-08 15:58:14 0 [Note] Plugin 'FEEDBACK' is disabled.
2024-06-08 15:58:14 0 [Note] InnoDB: Buffer pool(s) load completed at 240608 15:58:14
2024-06-08 15:58:15 0 [Note] Server socket created on IP: '::'.
2024-06-09 10:36:10 0 [Note] InnoDB: Mutexes and rw_locks use Windows interlocked functions
2024-06-09 10:36:10 0 [Note] InnoDB: Uses event mutexes
2024-06-09 10:36:10 0 [Note] InnoDB: Compressed tables use zlib 1.2.12
2024-06-09 10:36:10 0 [Note] InnoDB: Number of pools: 1
2024-06-09 10:36:10 0 [Note] InnoDB: Using SSE2 crc32 instructions
2024-06-09 10:36:10 0 [Note] InnoDB: Initializing buffer pool, total size = 16M, instances = 1, chunk size = 16M
2024-06-09 10:36:10 0 [Note] InnoDB: Completed initialization of buffer pool
2024-06-09 10:36:10 0 [Note] InnoDB: Starting crash recovery from checkpoint LSN=902817
2024-06-09 10:36:10 0 [Note] InnoDB: 128 out of 128 rollback segments are active.
2024-06-09 10:36:10 0 [Note] InnoDB: Removed temporary tablespace data file: "ibtmp1"
2024-06-09 10:36:10 0 [Note] InnoDB: Creating shared tablespace for temporary tables
2024-06-09 10:36:10 0 [Note] InnoDB: Setting file 'C:\xampp\mysql\data\ibtmp1' size to 12 MB. Physically writing the file full; Please wait ...
2024-06-09 10:36:10 0 [Note] InnoDB: File 'C:\xampp\mysql\data\ibtmp1' size is now 12 MB.
2024-06-09 10:36:10 0 [Note] InnoDB: Waiting for purge to start
2024-06-09 10:36:10 0 [Note] InnoDB: 10.4.27 started; log sequence number 902826; transaction id 2284
2024-06-09 10:36:10 0 [Note] InnoDB: Loading buffer pool(s) from C:\xampp\mysql\data\ib_buffer_pool
2024-06-09 10:36:10 0 [Note] Plugin 'FEEDBACK' is disabled.
2024-06-09 10:36:10 0 [Note] InnoDB: Buffer pool(s) load completed at 240609 10:36:10
2024-06-09 10:36:10 0 [Note] Server socket created on IP: '::'.
2024-06-09 14:57:03 0 [Note] InnoDB: Mutexes and rw_locks use Windows interlocked functions
2024-06-09 14:57:03 0 [Note] InnoDB: Uses event mutexes
2024-06-09 14:57:03 0 [Note] InnoDB: Compressed tables use zlib 1.2.12
2024-06-09 14:57:03 0 [Note] InnoDB: Number of pools: 1
2024-06-09 14:57:03 0 [Note] InnoDB: Using SSE2 crc32 instructions
2024-06-09 14:57:03 0 [Note] InnoDB: Initializing buffer pool, total size = 16M, instances = 1, chunk size = 16M
2024-06-09 14:57:03 0 [Note] InnoDB: Completed initialization of buffer pool
2024-06-09 14:57:03 0 [Note] InnoDB: Starting crash recovery from checkpoint LSN=1077573
2024-06-09 14:57:03 0 [Note] InnoDB: 128 out of 128 rollback segments are active.
2024-06-09 14:57:03 0 [Note] InnoDB: Removed temporary tablespace data file: "ibtmp1"
2024-06-09 14:57:03 0 [Note] InnoDB: Creating shared tablespace for temporary tables
2024-06-09 14:57:03 0 [Note] InnoDB: Setting file 'C:\xampp\mysql\data\ibtmp1' size to 12 MB. Physically writing the file full; Please wait ...
2024-06-09 14:57:03 0 [Note] InnoDB: File 'C:\xampp\mysql\data\ibtmp1' size is now 12 MB.
2024-06-09 14:57:03 0 [Note] InnoDB: Waiting for purge to start
2024-06-09 14:57:03 0 [Note] InnoDB: 10.4.27 started; log sequence number 1077582; transaction id 2836
2024-06-09 14:57:03 0 [Note] InnoDB: Loading buffer pool(s) from C:\xampp\mysql\data\ib_buffer_pool
2024-06-09 14:57:03 0 [Note] Plugin 'FEEDBACK' is disabled.
2024-06-09 14:57:03 0 [Note] InnoDB: Buffer pool(s) load completed at 240609 14:57:03
2024-06-09 14:57:03 0 [Note] Server socket created on IP: '::'.
2024-06-10 11:07:48 0 [Note] InnoDB: Mutexes and rw_locks use Windows interlocked functions
2024-06-10 11:07:48 0 [Note] InnoDB: Uses event mutexes
2024-06-10 11:07:48 0 [Note] InnoDB: Compressed tables use zlib 1.2.12
2024-06-10 11:07:48 0 [Note] InnoDB: Number of pools: 1
2024-06-10 11:07:48 0 [Note] InnoDB: Using SSE2 crc32 instructions
2024-06-10 11:07:48 0 [Note] InnoDB: Initializing buffer pool, total size = 16M, instances = 1, chunk size = 16M
2024-06-10 11:07:48 0 [Note] InnoDB: Completed initialization of buffer pool
2024-06-10 11:07:49 0 [Note] InnoDB: Starting crash recovery from checkpoint LSN=1240632
2024-06-10 11:07:49 0 [Note] InnoDB: 128 out of 128 rollback segments are active.
2024-06-10 11:07:49 0 [Note] InnoDB: Removed temporary tablespace data file: "ibtmp1"
2024-06-10 11:07:49 0 [Note] InnoDB: Creating shared tablespace for temporary tables
2024-06-10 11:07:49 0 [Note] InnoDB: Setting file 'C:\xampp\mysql\data\ibtmp1' size to 12 MB. Physically writing the file full; Please wait ...
2024-06-10 11:07:49 0 [Note] InnoDB: File 'C:\xampp\mysql\data\ibtmp1' size is now 12 MB.
2024-06-10 11:07:49 0 [Note] InnoDB: Waiting for purge to start
2024-06-10 11:07:49 0 [Note] InnoDB: 10.4.27 started; log sequence number 1240641; transaction id 3443
2024-06-10 11:07:49 0 [Note] InnoDB: Loading buffer pool(s) from C:\xampp\mysql\data\ib_buffer_pool
2024-06-10 11:07:49 0 [Note] Plugin 'FEEDBACK' is disabled.
2024-06-10 11:07:49 0 [Note] InnoDB: Buffer pool(s) load completed at 240610 11:07:49
2024-06-10 11:07:49 0 [Note] Server socket created on IP: '::'.
2024-06-10 11:08:03 0 [Note] InnoDB: Mutexes and rw_locks use Windows interlocked functions
2024-06-10 11:08:03 0 [Note] InnoDB: Uses event mutexes
2024-06-10 11:08:03 0 [Note] InnoDB: Compressed tables use zlib 1.2.12
2024-06-10 11:08:03 0 [Note] InnoDB: Number of pools: 1
2024-06-10 11:08:03 0 [Note] InnoDB: Using SSE2 crc32 instructions
2024-06-10 11:08:03 0 [Note] InnoDB: Initializing buffer pool, total size = 16M, instances = 1, chunk size = 16M
2024-06-10 11:08:03 0 [Note] InnoDB: Completed initialization of buffer pool
2024-06-10 11:08:03 0 [Note] InnoDB: Starting crash recovery from checkpoint LSN=1240632
2024-06-10 11:08:03 0 [Note] InnoDB: 128 out of 128 rollback segments are active.
2024-06-10 11:08:03 0 [Note] InnoDB: Removed temporary tablespace data file: "ibtmp1"
2024-06-10 11:08:03 0 [Note] InnoDB: Creating shared tablespace for temporary tables
2024-06-10 11:08:03 0 [Note] InnoDB: Setting file 'C:\xampp\mysql\data\ibtmp1' size to 12 MB. Physically writing the file full; Please wait ...
2024-06-10 11:08:03 0 [Note] InnoDB: File 'C:\xampp\mysql\data\ibtmp1' size is now 12 MB.
2024-06-10 11:08:03 0 [Note] InnoDB: Waiting for purge to start
2024-06-10 11:08:03 0 [Note] InnoDB: 10.4.27 started; log sequence number 1240641; transaction id 3443
2024-06-10 11:08:03 0 [Note] InnoDB: Loading buffer pool(s) from C:\xampp\mysql\data\ib_buffer_pool
2024-06-10 11:08:03 0 [Note] Plugin 'FEEDBACK' is disabled.
2024-06-10 11:08:03 0 [Note] InnoDB: Buffer pool(s) load completed at 240610 11:08:03
2024-06-10 11:08:03 0 [Note] Server socket created on IP: '::'.
2024-06-10 16:48:15 0 [Note] InnoDB: Mutexes and rw_locks use Windows interlocked functions
2024-06-10 16:48:15 0 [Note] InnoDB: Uses event mutexes
2024-06-10 16:48:15 0 [Note] InnoDB: Compressed tables use zlib 1.2.12
2024-06-10 16:48:15 0 [Note] InnoDB: Number of pools: 1
2024-06-10 16:48:15 0 [Note] InnoDB: Using SSE2 crc32 instructions
2024-06-10 16:48:15 0 [Note] InnoDB: Initializing buffer pool, total size = 16M, instances = 1, chunk size = 16M
2024-06-10 16:48:15 0 [Note] InnoDB: Completed initialization of buffer pool
2024-06-10 16:48:15 0 [Note] InnoDB: Starting crash recovery from checkpoint LSN=1347863
2024-06-10 16:48:15 0 [Note] InnoDB: 128 out of 128 rollback segments are active.
2024-06-10 16:48:15 0 [Note] InnoDB: Removed temporary tablespace data file: "ibtmp1"
2024-06-10 16:48:15 0 [Note] InnoDB: Creating shared tablespace for temporary tables
2024-06-10 16:48:15 0 [Note] InnoDB: Setting file 'C:\xampp\mysql\data\ibtmp1' size to 12 MB. Physically writing the file full; Please wait ...
2024-06-10 16:48:15 0 [Note] InnoDB: File 'C:\xampp\mysql\data\ibtmp1' size is now 12 MB.
2024-06-10 16:48:15 0 [Note] InnoDB: Waiting for purge to start
2024-06-10 16:48:15 0 [Note] InnoDB: 10.4.27 started; log sequence number 1347872; transaction id 3993
2024-06-10 16:48:15 0 [Note] InnoDB: Loading buffer pool(s) from C:\xampp\mysql\data\ib_buffer_pool
2024-06-10 16:48:15 0 [Note] Plugin 'FEEDBACK' is disabled.
2024-06-10 16:48:15 0 [Note] InnoDB: Buffer pool(s) load completed at 240610 16:48:15
2024-06-10 16:48:15 0 [Note] Server socket created on IP: '::'.
